#! /c/Source/iverilog-install/bin/vvp
:ivl_version "12.0 (devel)" "(s20150603-1539-g2693dd32b)";
:ivl_delay_selection "TYPICAL";
:vpi_time_precision - 9;
:vpi_module "C:\iverilog\lib\ivl\system.vpi";
:vpi_module "C:\iverilog\lib\ivl\vhdl_sys.vpi";
:vpi_module "C:\iverilog\lib\ivl\vhdl_textio.vpi";
:vpi_module "C:\iverilog\lib\ivl\v2005_math.vpi";
:vpi_module "C:\iverilog\lib\ivl\va_math.vpi";
S_00000263b8c32620 .scope module, "RS_FlipFlop" "RS_FlipFlop" 2 6;
 .timescale -9 -9;
    .port_info 0 /INPUT 1 "S";
    .port_info 1 /INPUT 1 "R";
    .port_info 2 /INPUT 1 "CLK";
    .port_info 3 /OUTPUT 1 "Q";
    .port_info 4 /OUTPUT 1 "QB";
o00000263b8c66f88 .functor BUFZ 1, C4<z>; HiZ drive
v00000263b8c327b0_0 .net "CLK", 0 0, o00000263b8c66f88;  0 drivers
v00000263b8c32850_0 .var "Q", 0 0;
v00000263b8c328f0_0 .var "QB", 0 0;
o00000263b8c67018 .functor BUFZ 1, C4<z>; HiZ drive
v00000263b8c1cb70_0 .net "R", 0 0, o00000263b8c67018;  0 drivers
o00000263b8c67048 .functor BUFZ 1, C4<z>; HiZ drive
v00000263b8c1cc10_0 .net "S", 0 0, o00000263b8c67048;  0 drivers
E_00000263b8c65cc0 .event posedge, v00000263b8c327b0_0;
    .scope S_00000263b8c32620;
T_0 ;
    %wait E_00000263b8c65cc0;
    %load/vec4 v00000263b8c1cc10_0;
    %pad/u 32;
    %pushi/vec4 1, 0, 32;
    %cmp/e;
    %flag_get/vec4 4;
    %load/vec4 v00000263b8c1cb70_0;
    %pad/u 32;
    %pushi/vec4 0, 0, 32;
    %cmp/e;
    %flag_get/vec4 4;
    %and;
    %flag_set/vec4 8;
    %jmp/0xz  T_0.0, 8;
    %pushi/vec4 1, 0, 1;
    %assign/vec4 v00000263b8c32850_0, 0;
    %load/vec4 v00000263b8c32850_0;
    %nor/r;
    %assign/vec4 v00000263b8c328f0_0, 0;
    %jmp T_0.1;
T_0.0 ;
    %load/vec4 v00000263b8c1cc10_0;
    %pad/u 32;
    %pushi/vec4 0, 0, 32;
    %cmp/e;
    %flag_get/vec4 4;
    %load/vec4 v00000263b8c1cb70_0;
    %pad/u 32;
    %pushi/vec4 1, 0, 32;
    %cmp/e;
    %flag_get/vec4 4;
    %and;
    %flag_set/vec4 8;
    %jmp/0xz  T_0.2, 8;
    %pushi/vec4 0, 0, 1;
    %assign/vec4 v00000263b8c32850_0, 0;
    %load/vec4 v00000263b8c32850_0;
    %nor/r;
    %assign/vec4 v00000263b8c328f0_0, 0;
    %jmp T_0.3;
T_0.2 ;
    %load/vec4 v00000263b8c1cc10_0;
    %pad/u 32;
    %pushi/vec4 0, 0, 32;
    %cmp/e;
    %flag_get/vec4 4;
    %load/vec4 v00000263b8c1cb70_0;
    %pad/u 32;
    %pushi/vec4 0, 0, 32;
    %cmp/e;
    %flag_get/vec4 4;
    %and;
    %flag_set/vec4 8;
    %jmp/0xz  T_0.4, 8;
    %load/vec4 v00000263b8c32850_0;
    %assign/vec4 v00000263b8c32850_0, 0;
    %load/vec4 v00000263b8c32850_0;
    %nor/r;
    %assign/vec4 v00000263b8c328f0_0, 0;
    %jmp T_0.5;
T_0.4 ;
    %load/vec4 v00000263b8c1cc10_0;
    %pad/u 32;
    %pushi/vec4 1, 0, 32;
    %cmp/e;
    %flag_get/vec4 4;
    %load/vec4 v00000263b8c1cb70_0;
    %pad/u 32;
    %pushi/vec4 1, 0, 32;
    %cmp/e;
    %flag_get/vec4 4;
    %and;
    %flag_set/vec4 8;
    %jmp/0xz  T_0.6, 8;
    %pushi/vec4 0, 0, 1;
    %assign/vec4 v00000263b8c32850_0, 0;
    %load/vec4 v00000263b8c32850_0;
    %nor/r;
    %assign/vec4 v00000263b8c328f0_0, 0;
T_0.6 ;
T_0.5 ;
T_0.3 ;
T_0.1 ;
    %jmp T_0;
    .thread T_0;
# The file index is used to find the file name in the following table.
:file_names 3;
    "N/A";
    "<interactive>";
    "RS_FlipFlop.v";
