[INFO] Loading technology file: /third_party/pdks/skywater/skywater130/pdk/v0_0_2/setup/klayout/skywater130.lyt
[INFO] LEF file: /third_party/pdks/skywater/skywater130/pdk/v0_0_2/apr/sky130_fd_sc_hd.tlef
[INFO] LEF file: /third_party/pdks/skywater/skywater130/libs/sky130hd/v0_0_2/lef/sky130_fd_sc_hd_merged.lef
[INFO] Layer properies: /third_party/pdks/skywater/skywater130/pdk/v0_0_2/setup/klayout/sky130A.lyp
[INFO] Read in 64 cells from DEF file
  [INFO] DEF cell: sky130_fd_sc_hd__a21boi_4
  [INFO] DEF cell: sky130_fd_sc_hd__a21o_1
  [INFO] DEF cell: sky130_fd_sc_hd__a21oi_1
  [INFO] DEF cell: sky130_fd_sc_hd__a21oi_2
  [INFO] DEF cell: sky130_fd_sc_hd__a21oi_4
  [INFO] DEF cell: sky130_fd_sc_hd__a22o_1
  [INFO] DEF cell: sky130_fd_sc_hd__and2_0
  [INFO] DEF cell: sky130_fd_sc_hd__and2_4
  [INFO] DEF cell: sky130_fd_sc_hd__buf_12
  [INFO] DEF cell: sky130_fd_sc_hd__buf_2
  [INFO] DEF cell: sky130_fd_sc_hd__buf_4
  [INFO] DEF cell: sky130_fd_sc_hd__buf_6
  [INFO] DEF cell: sky130_fd_sc_hd__clkbuf_16
  [INFO] DEF cell: sky130_fd_sc_hd__clkbuf_4
  [INFO] DEF cell: sky130_fd_sc_hd__clkbuf_8
  [INFO] DEF cell: sky130_fd_sc_hd__clkinv_4
  [INFO] DEF cell: sky130_fd_sc_hd__clkinvlp_4
  [INFO] DEF cell: sky130_fd_sc_hd__dfxtp_1
  [INFO] DEF cell: sky130_fd_sc_hd__dfxtp_2
  [INFO] DEF cell: sky130_fd_sc_hd__dfxtp_4
  [INFO] DEF cell: sky130_fd_sc_hd__diode_2
  [INFO] DEF cell: sky130_fd_sc_hd__dlygate4sd1_1
  [INFO] DEF cell: sky130_fd_sc_hd__dlymetal6s4s_1
  [INFO] DEF cell: sky130_fd_sc_hd__fa_1
  [INFO] DEF cell: sky130_fd_sc_hd__fill_1
  [INFO] DEF cell: sky130_fd_sc_hd__fill_2
  [INFO] DEF cell: sky130_fd_sc_hd__fill_4
  [INFO] DEF cell: sky130_fd_sc_hd__fill_8
  [INFO] DEF cell: sky130_fd_sc_hd__ha_1
  [INFO] DEF cell: sky130_fd_sc_hd__ha_2
  [INFO] DEF cell: sky130_fd_sc_hd__ha_4
  [INFO] DEF cell: sky130_fd_sc_hd__inv_1
  [INFO] DEF cell: sky130_fd_sc_hd__inv_6
  [INFO] DEF cell: sky130_fd_sc_hd__inv_8
  [INFO] DEF cell: sky130_fd_sc_hd__mux2i_1
  [INFO] DEF cell: sky130_fd_sc_hd__mux2i_2
  [INFO] DEF cell: sky130_fd_sc_hd__mux2i_4
  [INFO] DEF cell: sky130_fd_sc_hd__nand2_1
  [INFO] DEF cell: sky130_fd_sc_hd__nand2_8
  [INFO] DEF cell: sky130_fd_sc_hd__nand2b_1
  [INFO] DEF cell: sky130_fd_sc_hd__nand3_1
  [INFO] DEF cell: sky130_fd_sc_hd__nand3_4
  [INFO] DEF cell: sky130_fd_sc_hd__nand4_1
  [INFO] DEF cell: sky130_fd_sc_hd__nand4b_4
  [INFO] DEF cell: sky130_fd_sc_hd__nor2_1
  [INFO] DEF cell: sky130_fd_sc_hd__nor2_8
  [INFO] DEF cell: sky130_fd_sc_hd__nor2b_2
  [INFO] DEF cell: sky130_fd_sc_hd__nor3_1
  [INFO] DEF cell: sky130_fd_sc_hd__nor3_2
  [INFO] DEF cell: sky130_fd_sc_hd__nor3_4
  [INFO] DEF cell: sky130_fd_sc_hd__o211ai_1
  [INFO] DEF cell: sky130_fd_sc_hd__o211ai_2
  [INFO] DEF cell: sky130_fd_sc_hd__o21a_1
  [INFO] DEF cell: sky130_fd_sc_hd__o21a_4
  [INFO] DEF cell: sky130_fd_sc_hd__o21ai_0
  [INFO] DEF cell: sky130_fd_sc_hd__o21ai_4
  [INFO] DEF cell: sky130_fd_sc_hd__o31ai_1
  [INFO] DEF cell: sky130_fd_sc_hd__or2_0
  [INFO] DEF cell: sky130_fd_sc_hd__or3_1
  [INFO] DEF cell: sky130_fd_sc_hd__or3_4
  [INFO] DEF cell: sky130_fd_sc_hd__tapvpwrvgnd_1
  [INFO] DEF cell: sky130_fd_sc_hd__xnor2_1
  [INFO] DEF cell: sky130_fd_sc_hd__xnor2_4
  [INFO] DEF cell: sky130_fd_sc_hd__xor2_1
[INFO] Merging GDS/OAS files...
[INFO] Read in /third_party/pdks/skywater/skywater130/libs/sky130hd/v0_0_2/gds/sky130_fd_sc_hd.gds
  [INFO] Merging in sky130_fd_sc_hd__a21boi_4
  [INFO] Merging in sky130_fd_sc_hd__a21o_1
  [INFO] Merging in sky130_fd_sc_hd__a21oi_1
  [INFO] Merging in sky130_fd_sc_hd__a21oi_2
  [INFO] Merging in sky130_fd_sc_hd__a21oi_4
  [INFO] Merging in sky130_fd_sc_hd__a22o_1
  [INFO] Merging in sky130_fd_sc_hd__and2_0
  [INFO] Merging in sky130_fd_sc_hd__and2_4
  [INFO] Merging in sky130_fd_sc_hd__buf_12
  [INFO] Merging in sky130_fd_sc_hd__buf_2
  [INFO] Merging in sky130_fd_sc_hd__buf_4
  [INFO] Merging in sky130_fd_sc_hd__buf_6
  [INFO] Merging in sky130_fd_sc_hd__clkbuf_16
  [INFO] Merging in sky130_fd_sc_hd__clkbuf_4
  [INFO] Merging in sky130_fd_sc_hd__clkbuf_8
  [INFO] Merging in sky130_fd_sc_hd__clkinv_4
  [INFO] Merging in sky130_fd_sc_hd__clkinvlp_4
  [INFO] Merging in sky130_fd_sc_hd__dfxtp_1
  [INFO] Merging in sky130_fd_sc_hd__dfxtp_2
  [INFO] Merging in sky130_fd_sc_hd__dfxtp_4
  [INFO] Merging in sky130_fd_sc_hd__diode_2
  [INFO] Merging in sky130_fd_sc_hd__dlygate4sd1_1
  [INFO] Merging in sky130_fd_sc_hd__dlymetal6s4s_1
  [INFO] Merging in sky130_fd_sc_hd__fa_1
  [INFO] Merging in sky130_fd_sc_hd__fill_1
  [INFO] Merging in sky130_fd_sc_hd__fill_2
  [INFO] Merging in sky130_fd_sc_hd__fill_4
  [INFO] Merging in sky130_fd_sc_hd__fill_8
  [INFO] Merging in sky130_fd_sc_hd__ha_1
  [INFO] Merging in sky130_fd_sc_hd__ha_2
  [INFO] Merging in sky130_fd_sc_hd__ha_4
  [INFO] Merging in sky130_fd_sc_hd__inv_1
  [INFO] Merging in sky130_fd_sc_hd__inv_6
  [INFO] Merging in sky130_fd_sc_hd__inv_8
  [INFO] Merging in sky130_fd_sc_hd__mux2i_1
  [INFO] Merging in sky130_fd_sc_hd__mux2i_2
  [INFO] Merging in sky130_fd_sc_hd__mux2i_4
  [INFO] Merging in sky130_fd_sc_hd__nand2_1
  [INFO] Merging in sky130_fd_sc_hd__nand2_8
  [INFO] Merging in sky130_fd_sc_hd__nand2b_1
  [INFO] Merging in sky130_fd_sc_hd__nand3_1
  [INFO] Merging in sky130_fd_sc_hd__nand3_4
  [INFO] Merging in sky130_fd_sc_hd__nand4_1
  [INFO] Merging in sky130_fd_sc_hd__nand4b_4
  [INFO] Merging in sky130_fd_sc_hd__nor2_1
  [INFO] Merging in sky130_fd_sc_hd__nor2_8
  [INFO] Merging in sky130_fd_sc_hd__nor2b_2
  [INFO] Merging in sky130_fd_sc_hd__nor3_1
  [INFO] Merging in sky130_fd_sc_hd__nor3_2
  [INFO] Merging in sky130_fd_sc_hd__nor3_4
  [INFO] Merging in sky130_fd_sc_hd__o211ai_1
  [INFO] Merging in sky130_fd_sc_hd__o211ai_2
  [INFO] Merging in sky130_fd_sc_hd__o21a_1
  [INFO] Merging in sky130_fd_sc_hd__o21a_4
  [INFO] Merging in sky130_fd_sc_hd__o21ai_0
  [INFO] Merging in sky130_fd_sc_hd__o21ai_4
  [INFO] Merging in sky130_fd_sc_hd__o31ai_1
  [INFO] Merging in sky130_fd_sc_hd__or2_0
  [INFO] Merging in sky130_fd_sc_hd__or3_1
  [INFO] Merging in sky130_fd_sc_hd__or3_4
  [INFO] Merging in sky130_fd_sc_hd__tapvpwrvgnd_1
  [INFO] Merging in sky130_fd_sc_hd__xnor2_1
  [INFO] Merging in sky130_fd_sc_hd__xnor2_4
  [INFO] Merging in sky130_fd_sc_hd__xor2_1
[INFO] Copying toplevel cell 'SQRT_FP'
[WARNING] no fill config file specified
[INFO] Checking for missing GDS/OAS...
[INFO] All LEF cells have matching GDS/OAS cells
[INFO] Checking for orphan cell in the final layout...
[INFO] Writing out GDS/OAS 'outputs/SQRT_FP.gds'
[INFO] Opening outputs/SQRT_FP.gds
[INFO] Saving screenshot to outputs/SQRT_FP.png
