[INFO] Loading technology file: /third_party/pdks/skywater/skywater130/pdk/v0_0_2/setup/klayout/skywater130.lyt
[INFO] LEF file: /third_party/pdks/skywater/skywater130/pdk/v0_0_2/apr/sky130_fd_sc_hd.tlef
[INFO] LEF file: /third_party/pdks/skywater/skywater130/libs/sky130hd/v0_0_2/lef/sky130_fd_sc_hd_merged.lef
[INFO] Layer properies: /third_party/pdks/skywater/skywater130/pdk/v0_0_2/setup/klayout/sky130A.lyp
[INFO] Read in 50 cells from DEF file
  [INFO] DEF cell: sky130_fd_sc_hd__a211o_1
  [INFO] DEF cell: sky130_fd_sc_hd__a21oi_1
  [INFO] DEF cell: sky130_fd_sc_hd__a221o_1
  [INFO] DEF cell: sky130_fd_sc_hd__and2_0
  [INFO] DEF cell: sky130_fd_sc_hd__and2_2
  [INFO] DEF cell: sky130_fd_sc_hd__and3_1
  [INFO] DEF cell: sky130_fd_sc_hd__and4_2
  [INFO] DEF cell: sky130_fd_sc_hd__clkbuf_4
  [INFO] DEF cell: sky130_fd_sc_hd__clkinv_2
  [INFO] DEF cell: sky130_fd_sc_hd__dfxtp_1
  [INFO] DEF cell: sky130_fd_sc_hd__dfxtp_2
  [INFO] DEF cell: sky130_fd_sc_hd__dfxtp_4
  [INFO] DEF cell: sky130_fd_sc_hd__dlxtn_1
  [INFO] DEF cell: sky130_fd_sc_hd__fill_1
  [INFO] DEF cell: sky130_fd_sc_hd__fill_2
  [INFO] DEF cell: sky130_fd_sc_hd__fill_4
  [INFO] DEF cell: sky130_fd_sc_hd__fill_8
  [INFO] DEF cell: sky130_fd_sc_hd__ha_1
  [INFO] DEF cell: sky130_fd_sc_hd__ha_2
  [INFO] DEF cell: sky130_fd_sc_hd__ha_4
  [INFO] DEF cell: sky130_fd_sc_hd__inv_1
  [INFO] DEF cell: sky130_fd_sc_hd__inv_2
  [INFO] DEF cell: sky130_fd_sc_hd__mux2_1
  [INFO] DEF cell: sky130_fd_sc_hd__mux2i_1
  [INFO] DEF cell: sky130_fd_sc_hd__mux2i_2
  [INFO] DEF cell: sky130_fd_sc_hd__nand2_1
  [INFO] DEF cell: sky130_fd_sc_hd__nand2_2
  [INFO] DEF cell: sky130_fd_sc_hd__nand2b_1
  [INFO] DEF cell: sky130_fd_sc_hd__nand3_1
  [INFO] DEF cell: sky130_fd_sc_hd__nand3_4
  [INFO] DEF cell: sky130_fd_sc_hd__nand3b_1
  [INFO] DEF cell: sky130_fd_sc_hd__nand3b_4
  [INFO] DEF cell: sky130_fd_sc_hd__nand4_1
  [INFO] DEF cell: sky130_fd_sc_hd__nor2_1
  [INFO] DEF cell: sky130_fd_sc_hd__nor2b_1
  [INFO] DEF cell: sky130_fd_sc_hd__nor2b_2
  [INFO] DEF cell: sky130_fd_sc_hd__nor2b_4
  [INFO] DEF cell: sky130_fd_sc_hd__nor3_1
  [INFO] DEF cell: sky130_fd_sc_hd__nor3_2
  [INFO] DEF cell: sky130_fd_sc_hd__nor3b_1
  [INFO] DEF cell: sky130_fd_sc_hd__nor3b_2
  [INFO] DEF cell: sky130_fd_sc_hd__nor3b_4
  [INFO] DEF cell: sky130_fd_sc_hd__nor4_4
  [INFO] DEF cell: sky130_fd_sc_hd__o211ai_4
  [INFO] DEF cell: sky130_fd_sc_hd__o21ai_0
  [INFO] DEF cell: sky130_fd_sc_hd__o21ai_4
  [INFO] DEF cell: sky130_fd_sc_hd__or2_4
  [INFO] DEF cell: sky130_fd_sc_hd__tapvpwrvgnd_1
  [INFO] DEF cell: sky130_fd_sc_hd__xnor2_1
  [INFO] DEF cell: sky130_fd_sc_hd__xor2_1
[INFO] Merging GDS/OAS files...
[INFO] Read in /third_party/pdks/skywater/skywater130/libs/sky130hd/v0_0_2/gds/sky130_fd_sc_hd.gds
  [INFO] Merging in sky130_fd_sc_hd__a211o_1
  [INFO] Merging in sky130_fd_sc_hd__a21oi_1
  [INFO] Merging in sky130_fd_sc_hd__a221o_1
  [INFO] Merging in sky130_fd_sc_hd__and2_0
  [INFO] Merging in sky130_fd_sc_hd__and2_2
  [INFO] Merging in sky130_fd_sc_hd__and3_1
  [INFO] Merging in sky130_fd_sc_hd__and4_2
  [INFO] Merging in sky130_fd_sc_hd__clkbuf_4
  [INFO] Merging in sky130_fd_sc_hd__clkinv_2
  [INFO] Merging in sky130_fd_sc_hd__dfxtp_1
  [INFO] Merging in sky130_fd_sc_hd__dfxtp_2
  [INFO] Merging in sky130_fd_sc_hd__dfxtp_4
  [INFO] Merging in sky130_fd_sc_hd__dlxtn_1
  [INFO] Merging in sky130_fd_sc_hd__fill_1
  [INFO] Merging in sky130_fd_sc_hd__fill_2
  [INFO] Merging in sky130_fd_sc_hd__fill_4
  [INFO] Merging in sky130_fd_sc_hd__fill_8
  [INFO] Merging in sky130_fd_sc_hd__ha_1
  [INFO] Merging in sky130_fd_sc_hd__ha_2
  [INFO] Merging in sky130_fd_sc_hd__ha_4
  [INFO] Merging in sky130_fd_sc_hd__inv_1
  [INFO] Merging in sky130_fd_sc_hd__inv_2
  [INFO] Merging in sky130_fd_sc_hd__mux2_1
  [INFO] Merging in sky130_fd_sc_hd__mux2i_1
  [INFO] Merging in sky130_fd_sc_hd__mux2i_2
  [INFO] Merging in sky130_fd_sc_hd__nand2_1
  [INFO] Merging in sky130_fd_sc_hd__nand2_2
  [INFO] Merging in sky130_fd_sc_hd__nand2b_1
  [INFO] Merging in sky130_fd_sc_hd__nand3_1
  [INFO] Merging in sky130_fd_sc_hd__nand3_4
  [INFO] Merging in sky130_fd_sc_hd__nand3b_1
  [INFO] Merging in sky130_fd_sc_hd__nand3b_4
  [INFO] Merging in sky130_fd_sc_hd__nand4_1
  [INFO] Merging in sky130_fd_sc_hd__nor2_1
  [INFO] Merging in sky130_fd_sc_hd__nor2b_1
  [INFO] Merging in sky130_fd_sc_hd__nor2b_2
  [INFO] Merging in sky130_fd_sc_hd__nor2b_4
  [INFO] Merging in sky130_fd_sc_hd__nor3_1
  [INFO] Merging in sky130_fd_sc_hd__nor3_2
  [INFO] Merging in sky130_fd_sc_hd__nor3b_1
  [INFO] Merging in sky130_fd_sc_hd__nor3b_2
  [INFO] Merging in sky130_fd_sc_hd__nor3b_4
  [INFO] Merging in sky130_fd_sc_hd__nor4_4
  [INFO] Merging in sky130_fd_sc_hd__o211ai_4
  [INFO] Merging in sky130_fd_sc_hd__o21ai_0
  [INFO] Merging in sky130_fd_sc_hd__o21ai_4
  [INFO] Merging in sky130_fd_sc_hd__or2_4
  [INFO] Merging in sky130_fd_sc_hd__tapvpwrvgnd_1
  [INFO] Merging in sky130_fd_sc_hd__xnor2_1
  [INFO] Merging in sky130_fd_sc_hd__xor2_1
[INFO] Copying toplevel cell 'Stack_LIFO'
[WARNING] no fill config file specified
[INFO] Checking for missing GDS/OAS...
[INFO] All LEF cells have matching GDS/OAS cells
[INFO] Checking for orphan cell in the final layout...
[INFO] Writing out GDS/OAS 'outputs/Stack_LIFO.gds'
[INFO] Opening outputs/Stack_LIFO.gds
[INFO] Saving screenshot to outputs/Stack_LIFO.png
